<?xml version="1.0" encoding="UTF-8"?>
<coverage generated="1711251135138" clover="3.2.0">
  <project timestamp="1711251135138" name="All files">
    <metrics statements="101" coveredstatements="96" conditionals="46" coveredconditionals="41" methods="25" coveredmethods="25" elements="172" coveredelements="162" complexity="0" loc="101" ncloc="101" packages="1" files="14" classes="14"/>
    <file name="JewelsInStones.js" path="/home/arup/SandBox/Web/git-repos/sandbox/nodejs-leetcode/dist/JewelsInStones.js">
      <metrics statements="2" coveredstatements="2" conditionals="2" coveredconditionals="2" methods="2" coveredmethods="2"/>
      <line num="3" count="2" type="stmt"/>
      <line num="4" count="9" type="cond" truecount="2" falsecount="0"/>
    </file>
    <file name="arrayStringsAreEqual.js" path="/home/arup/SandBox/Web/git-repos/sandbox/nodejs-leetcode/dist/arrayStringsAreEqual.js">
      <metrics statements="1" coveredstatements="1" conditionals="0" coveredconditionals="0" methods="1" coveredmethods="1"/>
      <line num="2" count="2" type="stmt"/>
    </file>
    <file name="commonChars.js" path="/home/arup/SandBox/Web/git-repos/sandbox/nodejs-leetcode/dist/commonChars.js">
      <metrics statements="6" coveredstatements="6" conditionals="2" coveredconditionals="2" methods="3" coveredmethods="3"/>
      <line num="3" count="1" type="stmt"/>
      <line num="4" count="1" type="stmt"/>
      <line num="5" count="3" type="stmt"/>
      <line num="6" count="15" type="stmt"/>
      <line num="7" count="15" type="cond" truecount="2" falsecount="0"/>
      <line num="10" count="1" type="stmt"/>
    </file>
    <file name="countMatches.js" path="/home/arup/SandBox/Web/git-repos/sandbox/nodejs-leetcode/dist/countMatches.js">
      <metrics statements="12" coveredstatements="11" conditionals="8" coveredconditionals="7" methods="3" coveredmethods="3"/>
      <line num="3" count="2" type="stmt"/>
      <line num="4" count="6" type="stmt"/>
      <line num="5" count="6" type="stmt"/>
      <line num="6" count="6" type="cond" truecount="2" falsecount="0"/>
      <line num="7" count="3" type="stmt"/>
      <line num="8" count="6" type="cond" truecount="2" falsecount="0"/>
      <line num="9" count="3" type="stmt"/>
      <line num="10" count="6" type="cond" truecount="1" falsecount="1"/>
      <line num="11" count="0" type="stmt"/>
      <line num="12" count="6" type="stmt"/>
      <line num="14" count="6" type="cond" truecount="2" falsecount="0"/>
      <line num="16" count="2" type="stmt"/>
    </file>
    <file name="defangIPaddr.js" path="/home/arup/SandBox/Web/git-repos/sandbox/nodejs-leetcode/dist/defangIPaddr.js">
      <metrics statements="1" coveredstatements="1" conditionals="0" coveredconditionals="0" methods="1" coveredmethods="1"/>
      <line num="2" count="2" type="stmt"/>
    </file>
    <file name="finalValueAfterOperations.js" path="/home/arup/SandBox/Web/git-repos/sandbox/nodejs-leetcode/dist/finalValueAfterOperations.js">
      <metrics statements="11" coveredstatements="9" conditionals="8" coveredconditionals="5" methods="2" coveredmethods="2"/>
      <line num="2" count="1" type="stmt"/>
      <line num="3" count="1" type="stmt"/>
      <line num="4" count="3" type="cond" truecount="2" falsecount="0"/>
      <line num="5" count="1" type="stmt"/>
      <line num="7" count="2" type="cond" truecount="1" falsecount="1"/>
      <line num="8" count="0" type="stmt"/>
      <line num="10" count="2" type="cond" truecount="1" falsecount="1"/>
      <line num="11" count="0" type="stmt"/>
      <line num="13" count="2" type="cond" truecount="1" falsecount="1"/>
      <line num="14" count="2" type="stmt"/>
      <line num="17" count="1" type="stmt"/>
    </file>
    <file name="findWordsContaining.js" path="/home/arup/SandBox/Web/git-repos/sandbox/nodejs-leetcode/dist/findWordsContaining.js">
      <metrics statements="5" coveredstatements="5" conditionals="2" coveredconditionals="2" methods="2" coveredmethods="2"/>
      <line num="3" count="3" type="stmt"/>
      <line num="4" count="3" type="stmt"/>
      <line num="5" count="10" type="cond" truecount="2" falsecount="0"/>
      <line num="6" count="4" type="stmt"/>
      <line num="9" count="3" type="stmt"/>
    </file>
    <file name="interpret.js" path="/home/arup/SandBox/Web/git-repos/sandbox/nodejs-leetcode/dist/interpret.js">
      <metrics statements="1" coveredstatements="1" conditionals="0" coveredconditionals="0" methods="1" coveredmethods="1"/>
      <line num="2" count="1" type="stmt"/>
    </file>
    <file name="maxWidthOfVerticalArea.js" path="/home/arup/SandBox/Web/git-repos/sandbox/nodejs-leetcode/dist/maxWidthOfVerticalArea.js">
      <metrics statements="5" coveredstatements="5" conditionals="0" coveredconditionals="0" methods="3" coveredmethods="3"/>
      <line num="2" count="2" type="stmt"/>
      <line num="3" count="17" type="stmt"/>
      <line num="4" count="2" type="stmt"/>
      <line num="5" count="8" type="stmt"/>
      <line num="7" count="2" type="stmt"/>
    </file>
    <file name="removeElement.js" path="/home/arup/SandBox/Web/git-repos/sandbox/nodejs-leetcode/dist/removeElement.js">
      <metrics statements="7" coveredstatements="7" conditionals="2" coveredconditionals="2" methods="2" coveredmethods="2"/>
      <line num="3" count="6" type="stmt"/>
      <line num="4" count="1" type="stmt"/>
      <line num="5" count="1" type="stmt"/>
      <line num="6" count="3" type="stmt"/>
      <line num="7" count="3" type="cond" truecount="2" falsecount="0"/>
      <line num="8" count="2" type="stmt"/>
      <line num="10" count="1" type="stmt"/>
    </file>
    <file name="removeOuterParentheses.js" path="/home/arup/SandBox/Web/git-repos/sandbox/nodejs-leetcode/dist/removeOuterParentheses.js">
      <metrics statements="13" coveredstatements="13" conditionals="8" coveredconditionals="7" methods="1" coveredmethods="1"/>
      <line num="3" count="3" type="stmt"/>
      <line num="4" count="3" type="stmt"/>
      <line num="5" count="3" type="stmt"/>
      <line num="6" count="32" type="cond" truecount="2" falsecount="0"/>
      <line num="7" count="16" type="stmt"/>
      <line num="9" count="16" type="cond" truecount="1" falsecount="1"/>
      <line num="10" count="16" type="stmt"/>
      <line num="12" count="32" type="cond" truecount="4" falsecount="0"/>
      <line num="13" count="7" type="stmt"/>
      <line num="14" count="7" type="stmt"/>
      <line num="15" count="7" type="stmt"/>
      <line num="16" count="7" type="stmt"/>
      <line num="19" count="3" type="stmt"/>
    </file>
    <file name="shuffle.js" path="/home/arup/SandBox/Web/git-repos/sandbox/nodejs-leetcode/dist/shuffle.js">
      <metrics statements="5" coveredstatements="5" conditionals="0" coveredconditionals="0" methods="1" coveredmethods="1"/>
      <line num="2" count="3" type="stmt"/>
      <line num="3" count="3" type="stmt"/>
      <line num="4" count="9" type="stmt"/>
      <line num="5" count="9" type="stmt"/>
      <line num="7" count="3" type="stmt"/>
    </file>
    <file name="threeSum.js" path="/home/arup/SandBox/Web/git-repos/sandbox/nodejs-leetcode/dist/threeSum.js">
      <metrics statements="24" coveredstatements="23" conditionals="12" coveredconditionals="12" methods="2" coveredmethods="2"/>
      <line num="2" count="3" type="stmt"/>
      <line num="3" count="3" type="stmt"/>
      <line num="4" count="3" type="stmt"/>
      <line num="5" count="3" type="stmt"/>
      <line num="6" count="14" type="stmt"/>
      <line num="7" count="3" type="stmt"/>
      <line num="8" count="12" type="cond" truecount="4" falsecount="0"/>
      <line num="9" count="4" type="stmt"/>
      <line num="10" count="8" type="stmt"/>
      <line num="11" count="8" type="stmt"/>
      <line num="12" count="8" type="stmt"/>
      <line num="13" count="9" type="stmt"/>
      <line num="14" count="9" type="cond" truecount="2" falsecount="0"/>
      <line num="15" count="4" type="stmt"/>
      <line num="17" count="5" type="cond" truecount="2" falsecount="0"/>
      <line num="18" count="2" type="stmt"/>
      <line num="21" count="3" type="stmt"/>
      <line num="22" count="3" type="cond" truecount="2" falsecount="0"/>
      <line num="23" count="1" type="stmt"/>
      <line num="24" count="3" type="cond" truecount="2" falsecount="0"/>
      <line num="25" count="0" type="stmt"/>
      <line num="26" count="3" type="stmt"/>
      <line num="27" count="3" type="stmt"/>
      <line num="31" count="3" type="stmt"/>
    </file>
    <file name="twoSum.js" path="/home/arup/SandBox/Web/git-repos/sandbox/nodejs-leetcode/dist/twoSum.js">
      <metrics statements="8" coveredstatements="7" conditionals="2" coveredconditionals="2" methods="1" coveredmethods="1"/>
      <line num="1" count="1" type="stmt"/>
      <line num="2" count="1" type="stmt"/>
      <line num="3" count="1" type="stmt"/>
      <line num="4" count="2" type="stmt"/>
      <line num="5" count="2" type="cond" truecount="2" falsecount="0"/>
      <line num="6" count="1" type="stmt"/>
      <line num="8" count="1" type="stmt"/>
      <line num="10" count="0" type="stmt"/>
    </file>
  </project>
</coverage>
