<?xml version="1.0" encoding="UTF-8"?>
<coverage generated="1711703398301" clover="3.2.0">
  <project timestamp="1711703398301" name="All files">
    <metrics statements="111" coveredstatements="106" conditionals="50" coveredconditionals="44" methods="26" coveredmethods="26" elements="187" coveredelements="176" complexity="0" loc="111" ncloc="111" packages="1" files="15" classes="15"/>
    <file name="JewelsInStones.js" path="D:\Arup\PlayGround\Web\coding-challanges\dist\JewelsInStones.js">
      <metrics statements="2" coveredstatements="2" conditionals="2" coveredconditionals="2" methods="2" coveredmethods="2"/>
      <line num="3" count="2" type="stmt"/>
      <line num="4" count="9" type="cond" truecount="2" falsecount="0"/>
    </file>
    <file name="arrayStringsAreEqual.js" path="D:\Arup\PlayGround\Web\coding-challanges\dist\arrayStringsAreEqual.js">
      <metrics statements="1" coveredstatements="1" conditionals="0" coveredconditionals="0" methods="1" coveredmethods="1"/>
      <line num="2" count="2" type="stmt"/>
    </file>
    <file name="commonChars.js" path="D:\Arup\PlayGround\Web\coding-challanges\dist\commonChars.js">
      <metrics statements="6" coveredstatements="6" conditionals="2" coveredconditionals="2" methods="3" coveredmethods="3"/>
      <line num="3" count="1" type="stmt"/>
      <line num="4" count="1" type="stmt"/>
      <line num="5" count="3" type="stmt"/>
      <line num="6" count="15" type="stmt"/>
      <line num="7" count="15" type="cond" truecount="2" falsecount="0"/>
      <line num="10" count="1" type="stmt"/>
    </file>
    <file name="countMatches.js" path="D:\Arup\PlayGround\Web\coding-challanges\dist\countMatches.js">
      <metrics statements="12" coveredstatements="11" conditionals="8" coveredconditionals="7" methods="3" coveredmethods="3"/>
      <line num="3" count="2" type="stmt"/>
      <line num="4" count="6" type="stmt"/>
      <line num="5" count="6" type="stmt"/>
      <line num="6" count="6" type="cond" truecount="2" falsecount="0"/>
      <line num="7" count="3" type="stmt"/>
      <line num="8" count="6" type="cond" truecount="2" falsecount="0"/>
      <line num="9" count="3" type="stmt"/>
      <line num="10" count="6" type="cond" truecount="1" falsecount="1"/>
      <line num="11" count="0" type="stmt"/>
      <line num="12" count="6" type="stmt"/>
      <line num="14" count="6" type="cond" truecount="2" falsecount="0"/>
      <line num="16" count="2" type="stmt"/>
    </file>
    <file name="defangIPaddr.js" path="D:\Arup\PlayGround\Web\coding-challanges\dist\defangIPaddr.js">
      <metrics statements="1" coveredstatements="1" conditionals="0" coveredconditionals="0" methods="1" coveredmethods="1"/>
      <line num="2" count="2" type="stmt"/>
    </file>
    <file name="finalValueAfterOperations.js" path="D:\Arup\PlayGround\Web\coding-challanges\dist\finalValueAfterOperations.js">
      <metrics statements="11" coveredstatements="9" conditionals="8" coveredconditionals="5" methods="2" coveredmethods="2"/>
      <line num="2" count="1" type="stmt"/>
      <line num="3" count="1" type="stmt"/>
      <line num="4" count="3" type="cond" truecount="2" falsecount="0"/>
      <line num="5" count="1" type="stmt"/>
      <line num="7" count="2" type="cond" truecount="1" falsecount="1"/>
      <line num="8" count="0" type="stmt"/>
      <line num="10" count="2" type="cond" truecount="1" falsecount="1"/>
      <line num="11" count="0" type="stmt"/>
      <line num="13" count="2" type="cond" truecount="1" falsecount="1"/>
      <line num="14" count="2" type="stmt"/>
      <line num="17" count="1" type="stmt"/>
    </file>
    <file name="findWordsContaining.js" path="D:\Arup\PlayGround\Web\coding-challanges\dist\findWordsContaining.js">
      <metrics statements="5" coveredstatements="5" conditionals="2" coveredconditionals="2" methods="2" coveredmethods="2"/>
      <line num="3" count="3" type="stmt"/>
      <line num="4" count="3" type="stmt"/>
      <line num="5" count="10" type="cond" truecount="2" falsecount="0"/>
      <line num="6" count="4" type="stmt"/>
      <line num="9" count="3" type="stmt"/>
    </file>
    <file name="interpret.js" path="D:\Arup\PlayGround\Web\coding-challanges\dist\interpret.js">
      <metrics statements="1" coveredstatements="1" conditionals="0" coveredconditionals="0" methods="1" coveredmethods="1"/>
      <line num="2" count="1" type="stmt"/>
    </file>
    <file name="maxWidthOfVerticalArea.js" path="D:\Arup\PlayGround\Web\coding-challanges\dist\maxWidthOfVerticalArea.js">
      <metrics statements="5" coveredstatements="5" conditionals="0" coveredconditionals="0" methods="3" coveredmethods="3"/>
      <line num="2" count="2" type="stmt"/>
      <line num="3" count="17" type="stmt"/>
      <line num="4" count="2" type="stmt"/>
      <line num="5" count="8" type="stmt"/>
      <line num="7" count="2" type="stmt"/>
    </file>
    <file name="removeDuplicates.js" path="D:\Arup\PlayGround\Web\coding-challanges\dist\removeDuplicates.js">
      <metrics statements="10" coveredstatements="10" conditionals="4" coveredconditionals="3" methods="1" coveredmethods="1"/>
      <line num="2" count="1" type="stmt"/>
      <line num="3" count="1" type="stmt"/>
      <line num="4" count="1" type="cond" truecount="1" falsecount="1"/>
      <line num="5" count="1" type="stmt"/>
      <line num="6" count="1" type="stmt"/>
      <line num="7" count="2" type="cond" truecount="2" falsecount="0"/>
      <line num="8" count="1" type="stmt"/>
      <line num="9" count="1" type="stmt"/>
      <line num="12" count="1" type="stmt"/>
      <line num="14" count="1" type="stmt"/>
    </file>
    <file name="removeElement.js" path="D:\Arup\PlayGround\Web\coding-challanges\dist\removeElement.js">
      <metrics statements="7" coveredstatements="7" conditionals="2" coveredconditionals="2" methods="2" coveredmethods="2"/>
      <line num="3" count="6" type="stmt"/>
      <line num="4" count="1" type="stmt"/>
      <line num="5" count="1" type="stmt"/>
      <line num="6" count="3" type="stmt"/>
      <line num="7" count="3" type="cond" truecount="2" falsecount="0"/>
      <line num="8" count="2" type="stmt"/>
      <line num="10" count="1" type="stmt"/>
    </file>
    <file name="removeOuterParentheses.js" path="D:\Arup\PlayGround\Web\coding-challanges\dist\removeOuterParentheses.js">
      <metrics statements="13" coveredstatements="13" conditionals="8" coveredconditionals="7" methods="1" coveredmethods="1"/>
      <line num="3" count="3" type="stmt"/>
      <line num="4" count="3" type="stmt"/>
      <line num="5" count="3" type="stmt"/>
      <line num="6" count="32" type="cond" truecount="2" falsecount="0"/>
      <line num="7" count="16" type="stmt"/>
      <line num="9" count="16" type="cond" truecount="1" falsecount="1"/>
      <line num="10" count="16" type="stmt"/>
      <line num="12" count="32" type="cond" truecount="4" falsecount="0"/>
      <line num="13" count="7" type="stmt"/>
      <line num="14" count="7" type="stmt"/>
      <line num="15" count="7" type="stmt"/>
      <line num="16" count="7" type="stmt"/>
      <line num="19" count="3" type="stmt"/>
    </file>
    <file name="shuffle.js" path="D:\Arup\PlayGround\Web\coding-challanges\dist\shuffle.js">
      <metrics statements="5" coveredstatements="5" conditionals="0" coveredconditionals="0" methods="1" coveredmethods="1"/>
      <line num="2" count="3" type="stmt"/>
      <line num="3" count="3" type="stmt"/>
      <line num="4" count="9" type="stmt"/>
      <line num="5" count="9" type="stmt"/>
      <line num="7" count="3" type="stmt"/>
    </file>
    <file name="threeSum.js" path="D:\Arup\PlayGround\Web\coding-challanges\dist\threeSum.js">
      <metrics statements="24" coveredstatements="23" conditionals="12" coveredconditionals="12" methods="2" coveredmethods="2"/>
      <line num="3" count="3" type="stmt"/>
      <line num="4" count="3" type="stmt"/>
      <line num="5" count="3" type="stmt"/>
      <line num="6" count="3" type="stmt"/>
      <line num="7" count="14" type="stmt"/>
      <line num="8" count="3" type="stmt"/>
      <line num="9" count="12" type="cond" truecount="4" falsecount="0"/>
      <line num="10" count="4" type="stmt"/>
      <line num="11" count="8" type="stmt"/>
      <line num="12" count="8" type="stmt"/>
      <line num="13" count="8" type="stmt"/>
      <line num="14" count="9" type="stmt"/>
      <line num="15" count="9" type="cond" truecount="2" falsecount="0"/>
      <line num="16" count="4" type="stmt"/>
      <line num="18" count="5" type="cond" truecount="2" falsecount="0"/>
      <line num="19" count="2" type="stmt"/>
      <line num="22" count="3" type="stmt"/>
      <line num="23" count="3" type="cond" truecount="2" falsecount="0"/>
      <line num="24" count="1" type="stmt"/>
      <line num="25" count="3" type="cond" truecount="2" falsecount="0"/>
      <line num="26" count="0" type="stmt"/>
      <line num="27" count="3" type="stmt"/>
      <line num="28" count="3" type="stmt"/>
      <line num="32" count="3" type="stmt"/>
    </file>
    <file name="twoSum.js" path="D:\Arup\PlayGround\Web\coding-challanges\dist\twoSum.js">
      <metrics statements="8" coveredstatements="7" conditionals="2" coveredconditionals="2" methods="1" coveredmethods="1"/>
      <line num="1" count="1" type="stmt"/>
      <line num="2" count="1" type="stmt"/>
      <line num="3" count="1" type="stmt"/>
      <line num="4" count="2" type="stmt"/>
      <line num="5" count="2" type="cond" truecount="2" falsecount="0"/>
      <line num="6" count="1" type="stmt"/>
      <line num="8" count="1" type="stmt"/>
      <line num="10" count="0" type="stmt"/>
    </file>
  </project>
</coverage>
