{"/home/arup/SandBox/Web/git-repos/sandbox/nodejs-leetcode/dist/JewelsInStones.js": {"path":"/home/arup/SandBox/Web/git-repos/sandbox/nodejs-leetcode/dist/JewelsInStones.js","statementMap":{"0":{"start":{"line":3,"column":4},"end":{"line":5,"column":10}},"1":{"start":{"line":4,"column":8},"end":{"line":4,"column":57}}},"fnMap":{"0":{"name":"numJewelsInStones","decl":{"start":{"line":2,"column":9},"end":{"line":2,"column":26}},"loc":{"start":{"line":2,"column":43},"end":{"line":6,"column":1}},"line":2},"1":{"name":"(anonymous_1)","decl":{"start":{"line":3,"column":35},"end":{"line":3,"column":36}},"loc":{"start":{"line":3,"column":52},"end":{"line":5,"column":5}},"line":3}},"branchMap":{"0":{"loc":{"start":{"line":4,"column":15},"end":{"line":4,"column":56}},"type":"cond-expr","locations":[{"start":{"line":4,"column":39},"end":{"line":4,"column":48}},{"start":{"line":4,"column":51},"end":{"line":4,"column":56}}],"line":4}},"s":{"0":2,"1":9},"f":{"0":2,"1":9},"b":{"0":[3,6]},"_coverageSchema":"1a1c01bbd47fc00a2c39e90264f33305004495a9","hash":"36558274f1c3965f5d64faf03ba5bb0d7df3de07"}
,"/home/arup/SandBox/Web/git-repos/sandbox/nodejs-leetcode/dist/arrayStringsAreEqual.js": {"path":"/home/arup/SandBox/Web/git-repos/sandbox/nodejs-leetcode/dist/arrayStringsAreEqual.js","statementMap":{"0":{"start":{"line":2,"column":4},"end":{"line":2,"column":45}}},"fnMap":{"0":{"name":"arrayStringsAreEqual","decl":{"start":{"line":1,"column":9},"end":{"line":1,"column":29}},"loc":{"start":{"line":1,"column":44},"end":{"line":3,"column":1}},"line":1}},"branchMap":{},"s":{"0":2},"f":{"0":2},"b":{},"_coverageSchema":"1a1c01bbd47fc00a2c39e90264f33305004495a9","hash":"fe35d4a8944b7ba5e52a096b5e824fea30d8536c"}
,"/home/arup/SandBox/Web/git-repos/sandbox/nodejs-leetcode/dist/commonChars.js": {"path":"/home/arup/SandBox/Web/git-repos/sandbox/nodejs-leetcode/dist/commonChars.js","statementMap":{"0":{"start":{"line":3,"column":15},"end":{"line":3,"column":33}},"1":{"start":{"line":4,"column":4},"end":{"line":9,"column":7}},"2":{"start":{"line":5,"column":8},"end":{"line":8,"column":11}},"3":{"start":{"line":6,"column":24},"end":{"line":6,"column":42}},"4":{"start":{"line":7,"column":12},"end":{"line":7,"column":78}},"5":{"start":{"line":10,"column":4},"end":{"line":10,"column":16}}},"fnMap":{"0":{"name":"commonChars","decl":{"start":{"line":2,"column":9},"end":{"line":2,"column":20}},"loc":{"start":{"line":2,"column":28},"end":{"line":11,"column":1}},"line":2},"1":{"name":"(anonymous_1)","decl":{"start":{"line":4,"column":18},"end":{"line":4,"column":19}},"loc":{"start":{"line":4,"column":40},"end":{"line":9,"column":5}},"line":4},"2":{"name":"(anonymous_2)","decl":{"start":{"line":5,"column":27},"end":{"line":5,"column":28}},"loc":{"start":{"line":5,"column":37},"end":{"line":8,"column":9}},"line":5}},"branchMap":{"0":{"loc":{"start":{"line":7,"column":19},"end":{"line":7,"column":77}},"type":"cond-expr","locations":[{"start":{"line":7,"column":31},"end":{"line":7,"column":68}},{"start":{"line":7,"column":72},"end":{"line":7,"column":77}}],"line":7}},"s":{"0":1,"1":1,"2":3,"3":15,"4":15,"5":1},"f":{"0":1,"1":3,"2":15},"b":{"0":[13,2]},"_coverageSchema":"1a1c01bbd47fc00a2c39e90264f33305004495a9","hash":"bcd53cce3a7734be1077c287f12d6590b4f69cb3"}
,"/home/arup/SandBox/Web/git-repos/sandbox/nodejs-leetcode/dist/countMatches.js": {"path":"/home/arup/SandBox/Web/git-repos/sandbox/nodejs-leetcode/dist/countMatches.js","statementMap":{"0":{"start":{"line":3,"column":19},"end":{"line":15,"column":6}},"1":{"start":{"line":4,"column":20},"end":{"line":13,"column":9}},"2":{"start":{"line":5,"column":25},"end":{"line":5,"column":27}},"3":{"start":{"line":6,"column":12},"end":{"line":7,"column":27}},"4":{"start":{"line":7,"column":16},"end":{"line":7,"column":27}},"5":{"start":{"line":8,"column":12},"end":{"line":9,"column":27}},"6":{"start":{"line":9,"column":16},"end":{"line":9,"column":27}},"7":{"start":{"line":10,"column":12},"end":{"line":11,"column":27}},"8":{"start":{"line":11,"column":16},"end":{"line":11,"column":27}},"9":{"start":{"line":12,"column":12},"end":{"line":12,"column":26}},"10":{"start":{"line":14,"column":8},"end":{"line":14,"column":56}},"11":{"start":{"line":16,"column":4},"end":{"line":16,"column":25}}},"fnMap":{"0":{"name":"countMatches","decl":{"start":{"line":2,"column":9},"end":{"line":2,"column":21}},"loc":{"start":{"line":2,"column":49},"end":{"line":17,"column":1}},"line":2},"1":{"name":"(anonymous_1)","decl":{"start":{"line":3,"column":32},"end":{"line":3,"column":33}},"loc":{"start":{"line":3,"column":42},"end":{"line":15,"column":5}},"line":3},"2":{"name":"(anonymous_2)","decl":{"start":{"line":4,"column":20},"end":{"line":4,"column":21}},"loc":{"start":{"line":4,"column":26},"end":{"line":13,"column":9}},"line":4}},"branchMap":{"0":{"loc":{"start":{"line":6,"column":12},"end":{"line":7,"column":27}},"type":"if","locations":[{"start":{"line":6,"column":12},"end":{"line":7,"column":27}},{"start":{},"end":{}}],"line":6},"1":{"loc":{"start":{"line":8,"column":12},"end":{"line":9,"column":27}},"type":"if","locations":[{"start":{"line":8,"column":12},"end":{"line":9,"column":27}},{"start":{},"end":{}}],"line":8},"2":{"loc":{"start":{"line":10,"column":12},"end":{"line":11,"column":27}},"type":"if","locations":[{"start":{"line":10,"column":12},"end":{"line":11,"column":27}},{"start":{},"end":{}}],"line":10},"3":{"loc":{"start":{"line":14,"column":15},"end":{"line":14,"column":55}},"type":"cond-expr","locations":[{"start":{"line":14,"column":43},"end":{"line":14,"column":47}},{"start":{"line":14,"column":50},"end":{"line":14,"column":55}}],"line":14}},"s":{"0":2,"1":6,"2":6,"3":6,"4":3,"5":6,"6":3,"7":6,"8":0,"9":6,"10":6,"11":2},"f":{"0":2,"1":6,"2":6},"b":{"0":[3,3],"1":[3,3],"2":[0,6],"3":[3,3]},"_coverageSchema":"1a1c01bbd47fc00a2c39e90264f33305004495a9","hash":"9e6f1110784ef442613c92b64074afbc547fee66"}
,"/home/arup/SandBox/Web/git-repos/sandbox/nodejs-leetcode/dist/defangIPaddr.js": {"path":"/home/arup/SandBox/Web/git-repos/sandbox/nodejs-leetcode/dist/defangIPaddr.js","statementMap":{"0":{"start":{"line":2,"column":4},"end":{"line":2,"column":42}}},"fnMap":{"0":{"name":"defangIPaddr","decl":{"start":{"line":1,"column":9},"end":{"line":1,"column":21}},"loc":{"start":{"line":1,"column":31},"end":{"line":3,"column":1}},"line":1}},"branchMap":{},"s":{"0":2},"f":{"0":2},"b":{},"_coverageSchema":"1a1c01bbd47fc00a2c39e90264f33305004495a9","hash":"63c009dadf50a5618817bfb5ae6f98292f67c8c8"}
,"/home/arup/SandBox/Web/git-repos/sandbox/nodejs-leetcode/dist/finalValueAfterOperations.js": {"path":"/home/arup/SandBox/Web/git-repos/sandbox/nodejs-leetcode/dist/finalValueAfterOperations.js","statementMap":{"0":{"start":{"line":2,"column":16},"end":{"line":2,"column":17}},"1":{"start":{"line":3,"column":4},"end":{"line":16,"column":7}},"2":{"start":{"line":4,"column":8},"end":{"line":15,"column":9}},"3":{"start":{"line":5,"column":12},"end":{"line":5,"column":30}},"4":{"start":{"line":7,"column":13},"end":{"line":15,"column":9}},"5":{"start":{"line":8,"column":12},"end":{"line":8,"column":30}},"6":{"start":{"line":10,"column":13},"end":{"line":15,"column":9}},"7":{"start":{"line":11,"column":12},"end":{"line":11,"column":30}},"8":{"start":{"line":13,"column":13},"end":{"line":15,"column":9}},"9":{"start":{"line":14,"column":12},"end":{"line":14,"column":30}},"10":{"start":{"line":17,"column":4},"end":{"line":17,"column":17}}},"fnMap":{"0":{"name":"finalValueAfterOperations","decl":{"start":{"line":1,"column":9},"end":{"line":1,"column":34}},"loc":{"start":{"line":1,"column":47},"end":{"line":18,"column":1}},"line":1},"1":{"name":"(anonymous_1)","decl":{"start":{"line":3,"column":23},"end":{"line":3,"column":24}},"loc":{"start":{"line":3,"column":31},"end":{"line":16,"column":5}},"line":3}},"branchMap":{"0":{"loc":{"start":{"line":4,"column":8},"end":{"line":15,"column":9}},"type":"if","locations":[{"start":{"line":4,"column":8},"end":{"line":15,"column":9}},{"start":{"line":7,"column":13},"end":{"line":15,"column":9}}],"line":4},"1":{"loc":{"start":{"line":7,"column":13},"end":{"line":15,"column":9}},"type":"if","locations":[{"start":{"line":7,"column":13},"end":{"line":15,"column":9}},{"start":{"line":10,"column":13},"end":{"line":15,"column":9}}],"line":7},"2":{"loc":{"start":{"line":10,"column":13},"end":{"line":15,"column":9}},"type":"if","locations":[{"start":{"line":10,"column":13},"end":{"line":15,"column":9}},{"start":{"line":13,"column":13},"end":{"line":15,"column":9}}],"line":10},"3":{"loc":{"start":{"line":13,"column":13},"end":{"line":15,"column":9}},"type":"if","locations":[{"start":{"line":13,"column":13},"end":{"line":15,"column":9}},{"start":{},"end":{}}],"line":13}},"s":{"0":1,"1":1,"2":3,"3":1,"4":2,"5":0,"6":2,"7":0,"8":2,"9":2,"10":1},"f":{"0":1,"1":3},"b":{"0":[1,2],"1":[0,2],"2":[0,2],"3":[2,0]},"_coverageSchema":"1a1c01bbd47fc00a2c39e90264f33305004495a9","hash":"76c36a25bce66b2271266cf2e8dd235e3ea79bc6"}
,"/home/arup/SandBox/Web/git-repos/sandbox/nodejs-leetcode/dist/findWordsContaining.js": {"path":"/home/arup/SandBox/Web/git-repos/sandbox/nodejs-leetcode/dist/findWordsContaining.js","statementMap":{"0":{"start":{"line":3,"column":19},"end":{"line":3,"column":21}},"1":{"start":{"line":4,"column":4},"end":{"line":8,"column":7}},"2":{"start":{"line":5,"column":8},"end":{"line":7,"column":9}},"3":{"start":{"line":6,"column":12},"end":{"line":6,"column":29}},"4":{"start":{"line":9,"column":4},"end":{"line":9,"column":18}}},"fnMap":{"0":{"name":"findWordsContaining","decl":{"start":{"line":2,"column":9},"end":{"line":2,"column":28}},"loc":{"start":{"line":2,"column":39},"end":{"line":10,"column":1}},"line":2},"1":{"name":"(anonymous_1)","decl":{"start":{"line":4,"column":18},"end":{"line":4,"column":19}},"loc":{"start":{"line":4,"column":33},"end":{"line":8,"column":5}},"line":4}},"branchMap":{"0":{"loc":{"start":{"line":5,"column":8},"end":{"line":7,"column":9}},"type":"if","locations":[{"start":{"line":5,"column":8},"end":{"line":7,"column":9}},{"start":{},"end":{}}],"line":5}},"s":{"0":3,"1":3,"2":10,"3":4,"4":3},"f":{"0":3,"1":10},"b":{"0":[4,6]},"_coverageSchema":"1a1c01bbd47fc00a2c39e90264f33305004495a9","hash":"8241ed838b25f232e6b960505b9c5f0f74e47bd2"}
,"/home/arup/SandBox/Web/git-repos/sandbox/nodejs-leetcode/dist/interpret.js": {"path":"/home/arup/SandBox/Web/git-repos/sandbox/nodejs-leetcode/dist/interpret.js","statementMap":{"0":{"start":{"line":2,"column":4},"end":{"line":8,"column":20}}},"fnMap":{"0":{"name":"interpret","decl":{"start":{"line":1,"column":9},"end":{"line":1,"column":18}},"loc":{"start":{"line":1,"column":28},"end":{"line":9,"column":1}},"line":1}},"branchMap":{},"s":{"0":1},"f":{"0":1},"b":{},"_coverageSchema":"1a1c01bbd47fc00a2c39e90264f33305004495a9","hash":"6a8d51388ebefae4be3ad0b93399fef26366fd1d"}
,"/home/arup/SandBox/Web/git-repos/sandbox/nodejs-leetcode/dist/maxWidthOfVerticalArea.js": {"path":"/home/arup/SandBox/Web/git-repos/sandbox/nodejs-leetcode/dist/maxWidthOfVerticalArea.js","statementMap":{"0":{"start":{"line":2,"column":14},"end":{"line":2,"column":15}},"1":{"start":{"line":3,"column":26},"end":{"line":3,"column":77}},"2":{"start":{"line":3,"column":46},"end":{"line":3,"column":54}},"3":{"start":{"line":3,"column":71},"end":{"line":3,"column":76}},"4":{"start":{"line":4,"column":4},"end":{"line":6,"column":5}},"5":{"start":{"line":4,"column":19},"end":{"line":4,"column":20}},"6":{"start":{"line":5,"column":8},"end":{"line":5,"column":73}},"7":{"start":{"line":7,"column":4},"end":{"line":7,"column":15}}},"fnMap":{"0":{"name":"maxWidthOfVerticalArea","decl":{"start":{"line":1,"column":9},"end":{"line":1,"column":31}},"loc":{"start":{"line":1,"column":40},"end":{"line":8,"column":1}},"line":1},"1":{"name":"(anonymous_1)","decl":{"start":{"line":3,"column":37},"end":{"line":3,"column":38}},"loc":{"start":{"line":3,"column":46},"end":{"line":3,"column":54}},"line":3},"2":{"name":"(anonymous_2)","decl":{"start":{"line":3,"column":61},"end":{"line":3,"column":62}},"loc":{"start":{"line":3,"column":71},"end":{"line":3,"column":76}},"line":3}},"branchMap":{},"s":{"0":2,"1":2,"2":10,"3":17,"4":2,"5":2,"6":8,"7":2},"f":{"0":2,"1":10,"2":17},"b":{},"_coverageSchema":"1a1c01bbd47fc00a2c39e90264f33305004495a9","hash":"618a8759b321f2a0ca3505e96eba5e7c5acbfb27"}
,"/home/arup/SandBox/Web/git-repos/sandbox/nodejs-leetcode/dist/removeElement.js": {"path":"/home/arup/SandBox/Web/git-repos/sandbox/nodejs-leetcode/dist/removeElement.js","statementMap":{"0":{"start":{"line":3,"column":4},"end":{"line":3,"column":38}},"1":{"start":{"line":3,"column":31},"end":{"line":3,"column":36}},"2":{"start":{"line":4,"column":16},"end":{"line":4,"column":18}},"3":{"start":{"line":5,"column":4},"end":{"line":9,"column":27}},"4":{"start":{"line":6,"column":8},"end":{"line":6,"column":34}},"5":{"start":{"line":7,"column":8},"end":{"line":8,"column":34}},"6":{"start":{"line":8,"column":12},"end":{"line":8,"column":34}},"7":{"start":{"line":10,"column":4},"end":{"line":10,"column":23}}},"fnMap":{"0":{"name":"removeElement","decl":{"start":{"line":2,"column":9},"end":{"line":2,"column":22}},"loc":{"start":{"line":2,"column":34},"end":{"line":11,"column":1}},"line":2},"1":{"name":"(anonymous_1)","decl":{"start":{"line":3,"column":21},"end":{"line":3,"column":22}},"loc":{"start":{"line":3,"column":31},"end":{"line":3,"column":36}},"line":3}},"branchMap":{"0":{"loc":{"start":{"line":7,"column":8},"end":{"line":8,"column":34}},"type":"if","locations":[{"start":{"line":7,"column":8},"end":{"line":8,"column":34}},{"start":{},"end":{}}],"line":7}},"s":{"0":1,"1":6,"2":1,"3":1,"4":3,"5":3,"6":2,"7":1},"f":{"0":1,"1":6},"b":{"0":[2,1]},"_coverageSchema":"1a1c01bbd47fc00a2c39e90264f33305004495a9","hash":"337d3e090972fbeeb96ab086123260cce267a061"}
,"/home/arup/SandBox/Web/git-repos/sandbox/nodejs-leetcode/dist/removeOuterParentheses.js": {"path":"/home/arup/SandBox/Web/git-repos/sandbox/nodejs-leetcode/dist/removeOuterParentheses.js","statementMap":{"0":{"start":{"line":3,"column":21},"end":{"line":3,"column":23}},"1":{"start":{"line":4,"column":17},"end":{"line":4,"column":19}},"2":{"start":{"line":5,"column":4},"end":{"line":18,"column":5}},"3":{"start":{"line":5,"column":17},"end":{"line":5,"column":18}},"4":{"start":{"line":5,"column":28},"end":{"line":5,"column":29}},"5":{"start":{"line":5,"column":37},"end":{"line":5,"column":38}},"6":{"start":{"line":6,"column":8},"end":{"line":11,"column":9}},"7":{"start":{"line":7,"column":12},"end":{"line":7,"column":32}},"8":{"start":{"line":9,"column":13},"end":{"line":11,"column":9}},"9":{"start":{"line":10,"column":12},"end":{"line":10,"column":27}},"10":{"start":{"line":12,"column":8},"end":{"line":17,"column":9}},"11":{"start":{"line":13,"column":12},"end":{"line":13,"column":20}},"12":{"start":{"line":14,"column":22},"end":{"line":14,"column":49}},"13":{"start":{"line":15,"column":12},"end":{"line":15,"column":34}},"14":{"start":{"line":16,"column":12},"end":{"line":16,"column":28}},"15":{"start":{"line":19,"column":4},"end":{"line":19,"column":18}}},"fnMap":{"0":{"name":"removeOuterParentheses","decl":{"start":{"line":2,"column":9},"end":{"line":2,"column":31}},"loc":{"start":{"line":2,"column":35},"end":{"line":20,"column":1}},"line":2}},"branchMap":{"0":{"loc":{"start":{"line":6,"column":8},"end":{"line":11,"column":9}},"type":"if","locations":[{"start":{"line":6,"column":8},"end":{"line":11,"column":9}},{"start":{"line":9,"column":13},"end":{"line":11,"column":9}}],"line":6},"1":{"loc":{"start":{"line":9,"column":13},"end":{"line":11,"column":9}},"type":"if","locations":[{"start":{"line":9,"column":13},"end":{"line":11,"column":9}},{"start":{},"end":{}}],"line":9},"2":{"loc":{"start":{"line":12,"column":8},"end":{"line":17,"column":9}},"type":"if","locations":[{"start":{"line":12,"column":8},"end":{"line":17,"column":9}},{"start":{},"end":{}}],"line":12},"3":{"loc":{"start":{"line":12,"column":12},"end":{"line":12,"column":54}},"type":"binary-expr","locations":[{"start":{"line":12,"column":12},"end":{"line":12,"column":33}},{"start":{"line":12,"column":37},"end":{"line":12,"column":54}}],"line":12}},"s":{"0":3,"1":3,"2":3,"3":3,"4":3,"5":3,"6":32,"7":16,"8":16,"9":16,"10":32,"11":7,"12":7,"13":7,"14":7,"15":3},"f":{"0":3},"b":{"0":[16,16],"1":[16,0],"2":[7,25],"3":[32,7]},"_coverageSchema":"1a1c01bbd47fc00a2c39e90264f33305004495a9","hash":"845c80638f77f2715274d50449baab0b86e844b7"}
,"/home/arup/SandBox/Web/git-repos/sandbox/nodejs-leetcode/dist/shuffle.js": {"path":"/home/arup/SandBox/Web/git-repos/sandbox/nodejs-leetcode/dist/shuffle.js","statementMap":{"0":{"start":{"line":2,"column":17},"end":{"line":2,"column":19}},"1":{"start":{"line":3,"column":4},"end":{"line":6,"column":5}},"2":{"start":{"line":3,"column":24},"end":{"line":3,"column":25}},"3":{"start":{"line":3,"column":39},"end":{"line":3,"column":40}},"4":{"start":{"line":4,"column":8},"end":{"line":4,"column":36}},"5":{"start":{"line":5,"column":8},"end":{"line":5,"column":37}},"6":{"start":{"line":7,"column":4},"end":{"line":7,"column":18}}},"fnMap":{"0":{"name":"shuffle","decl":{"start":{"line":1,"column":9},"end":{"line":1,"column":16}},"loc":{"start":{"line":1,"column":26},"end":{"line":8,"column":1}},"line":1}},"branchMap":{},"s":{"0":3,"1":3,"2":3,"3":3,"4":9,"5":9,"6":3},"f":{"0":3},"b":{},"_coverageSchema":"1a1c01bbd47fc00a2c39e90264f33305004495a9","hash":"9ac9233c51fb98a09221d36aca69e0f9a785820c"}
,"/home/arup/SandBox/Web/git-repos/sandbox/nodejs-leetcode/dist/threeSum.js": {"path":"/home/arup/SandBox/Web/git-repos/sandbox/nodejs-leetcode/dist/threeSum.js","statementMap":{"0":{"start":{"line":2,"column":16},"end":{"line":2,"column":27}},"1":{"start":{"line":3,"column":17},"end":{"line":3,"column":19}},"2":{"start":{"line":4,"column":15},"end":{"line":4,"column":16}},"3":{"start":{"line":5,"column":16},"end":{"line":5,"column":17}},"4":{"start":{"line":6,"column":4},"end":{"line":6,"column":31}},"5":{"start":{"line":6,"column":24},"end":{"line":6,"column":29}},"6":{"start":{"line":7,"column":4},"end":{"line":30,"column":5}},"7":{"start":{"line":7,"column":17},"end":{"line":7,"column":18}},"8":{"start":{"line":8,"column":8},"end":{"line":9,"column":21}},"9":{"start":{"line":9,"column":12},"end":{"line":9,"column":21}},"10":{"start":{"line":10,"column":8},"end":{"line":10,"column":21}},"11":{"start":{"line":11,"column":8},"end":{"line":11,"column":24}},"12":{"start":{"line":12,"column":8},"end":{"line":29,"column":9}},"13":{"start":{"line":13,"column":24},"end":{"line":13,"column":58}},"14":{"start":{"line":14,"column":12},"end":{"line":28,"column":13}},"15":{"start":{"line":15,"column":16},"end":{"line":15,"column":23}},"16":{"start":{"line":17,"column":17},"end":{"line":28,"column":13}},"17":{"start":{"line":18,"column":16},"end":{"line":18,"column":24}},"18":{"start":{"line":21,"column":16},"end":{"line":21,"column":64}},"19":{"start":{"line":22,"column":16},"end":{"line":23,"column":27}},"20":{"start":{"line":23,"column":20},"end":{"line":23,"column":27}},"21":{"start":{"line":24,"column":16},"end":{"line":25,"column":28}},"22":{"start":{"line":25,"column":20},"end":{"line":25,"column":28}},"23":{"start":{"line":26,"column":16},"end":{"line":26,"column":23}},"24":{"start":{"line":27,"column":16},"end":{"line":27,"column":24}},"25":{"start":{"line":31,"column":4},"end":{"line":31,"column":18}}},"fnMap":{"0":{"name":"threeSum","decl":{"start":{"line":1,"column":9},"end":{"line":1,"column":17}},"loc":{"start":{"line":1,"column":24},"end":{"line":32,"column":1}},"line":1},"1":{"name":"(anonymous_1)","decl":{"start":{"line":6,"column":14},"end":{"line":6,"column":15}},"loc":{"start":{"line":6,"column":24},"end":{"line":6,"column":29}},"line":6}},"branchMap":{"0":{"loc":{"start":{"line":8,"column":8},"end":{"line":9,"column":21}},"type":"if","locations":[{"start":{"line":8,"column":8},"end":{"line":9,"column":21}},{"start":{},"end":{}}],"line":8},"1":{"loc":{"start":{"line":8,"column":12},"end":{"line":8,"column":44}},"type":"binary-expr","locations":[{"start":{"line":8,"column":12},"end":{"line":8,"column":17}},{"start":{"line":8,"column":21},"end":{"line":8,"column":44}}],"line":8},"2":{"loc":{"start":{"line":14,"column":12},"end":{"line":28,"column":13}},"type":"if","locations":[{"start":{"line":14,"column":12},"end":{"line":28,"column":13}},{"start":{"line":17,"column":17},"end":{"line":28,"column":13}}],"line":14},"3":{"loc":{"start":{"line":17,"column":17},"end":{"line":28,"column":13}},"type":"if","locations":[{"start":{"line":17,"column":17},"end":{"line":28,"column":13}},{"start":{"line":20,"column":17},"end":{"line":28,"column":13}}],"line":17},"4":{"loc":{"start":{"line":22,"column":23},"end":{"line":22,"column":68}},"type":"binary-expr","locations":[{"start":{"line":22,"column":23},"end":{"line":22,"column":35}},{"start":{"line":22,"column":39},"end":{"line":22,"column":68}}],"line":22},"5":{"loc":{"start":{"line":24,"column":23},"end":{"line":24,"column":70}},"type":"binary-expr","locations":[{"start":{"line":24,"column":23},"end":{"line":24,"column":35}},{"start":{"line":24,"column":39},"end":{"line":24,"column":70}}],"line":24}},"s":{"0":3,"1":3,"2":3,"3":3,"4":3,"5":14,"6":3,"7":3,"8":12,"9":4,"10":8,"11":8,"12":8,"13":9,"14":9,"15":4,"16":5,"17":2,"18":3,"19":3,"20":1,"21":3,"22":0,"23":3,"24":3,"25":3},"f":{"0":3,"1":14},"b":{"0":[4,8],"1":[12,9],"2":[4,5],"3":[2,3],"4":[4,3],"5":[3,2]},"_coverageSchema":"1a1c01bbd47fc00a2c39e90264f33305004495a9","hash":"8df261e32f5cf5396c76e3ddf2cb833eedf4445f"}
,"/home/arup/SandBox/Web/git-repos/sandbox/nodejs-leetcode/dist/twoSum.js": {"path":"/home/arup/SandBox/Web/git-repos/sandbox/nodejs-leetcode/dist/twoSum.js","statementMap":{"0":{"start":{"line":1,"column":15},"end":{"line":11,"column":1}},"1":{"start":{"line":2,"column":20},"end":{"line":2,"column":29}},"2":{"start":{"line":3,"column":4},"end":{"line":9,"column":5}},"3":{"start":{"line":3,"column":19},"end":{"line":3,"column":20}},"4":{"start":{"line":4,"column":27},"end":{"line":4,"column":45}},"5":{"start":{"line":5,"column":8},"end":{"line":7,"column":9}},"6":{"start":{"line":6,"column":12},"end":{"line":6,"column":58}},"7":{"start":{"line":8,"column":8},"end":{"line":8,"column":36}},"8":{"start":{"line":10,"column":4},"end":{"line":10,"column":20}}},"fnMap":{"0":{"name":"(anonymous_0)","decl":{"start":{"line":1,"column":15},"end":{"line":1,"column":16}},"loc":{"start":{"line":1,"column":39},"end":{"line":11,"column":1}},"line":1}},"branchMap":{"0":{"loc":{"start":{"line":5,"column":8},"end":{"line":7,"column":9}},"type":"if","locations":[{"start":{"line":5,"column":8},"end":{"line":7,"column":9}},{"start":{},"end":{}}],"line":5}},"s":{"0":1,"1":1,"2":1,"3":1,"4":2,"5":2,"6":1,"7":1,"8":0},"f":{"0":1},"b":{"0":[1,1]},"_coverageSchema":"1a1c01bbd47fc00a2c39e90264f33305004495a9","hash":"f01fcc09ccc20ea871c0fcbc2673bf755f592918"}
}
