{"D:\\Arup\\PlayGround\\Web\\coding-challanges\\dist\\JewelsInStones.js": {"path":"D:\\Arup\\PlayGround\\Web\\coding-challanges\\dist\\JewelsInStones.js","statementMap":{"0":{"start":{"line":3,"column":4},"end":{"line":5,"column":10}},"1":{"start":{"line":4,"column":8},"end":{"line":4,"column":57}}},"fnMap":{"0":{"name":"numJewelsInStones","decl":{"start":{"line":2,"column":9},"end":{"line":2,"column":26}},"loc":{"start":{"line":2,"column":43},"end":{"line":6,"column":1}},"line":2},"1":{"name":"(anonymous_1)","decl":{"start":{"line":3,"column":35},"end":{"line":3,"column":36}},"loc":{"start":{"line":3,"column":52},"end":{"line":5,"column":5}},"line":3}},"branchMap":{"0":{"loc":{"start":{"line":4,"column":15},"end":{"line":4,"column":56}},"type":"cond-expr","locations":[{"start":{"line":4,"column":39},"end":{"line":4,"column":48}},{"start":{"line":4,"column":51},"end":{"line":4,"column":56}}],"line":4}},"s":{"0":2,"1":9},"f":{"0":2,"1":9},"b":{"0":[3,6]},"_coverageSchema":"1a1c01bbd47fc00a2c39e90264f33305004495a9","hash":"573ff8fc4a090d10d4a5bfe69ed319be1171c53e"}
,"D:\\Arup\\PlayGround\\Web\\coding-challanges\\dist\\arrayStringsAreEqual.js": {"path":"D:\\Arup\\PlayGround\\Web\\coding-challanges\\dist\\arrayStringsAreEqual.js","statementMap":{"0":{"start":{"line":2,"column":4},"end":{"line":2,"column":45}}},"fnMap":{"0":{"name":"arrayStringsAreEqual","decl":{"start":{"line":1,"column":9},"end":{"line":1,"column":29}},"loc":{"start":{"line":1,"column":44},"end":{"line":3,"column":1}},"line":1}},"branchMap":{},"s":{"0":2},"f":{"0":2},"b":{},"_coverageSchema":"1a1c01bbd47fc00a2c39e90264f33305004495a9","hash":"d851b0df03a172f29b7598f2c5f15d1d131bf75b"}
,"D:\\Arup\\PlayGround\\Web\\coding-challanges\\dist\\commonChars.js": {"path":"D:\\Arup\\PlayGround\\Web\\coding-challanges\\dist\\commonChars.js","statementMap":{"0":{"start":{"line":3,"column":15},"end":{"line":3,"column":33}},"1":{"start":{"line":4,"column":4},"end":{"line":9,"column":7}},"2":{"start":{"line":5,"column":8},"end":{"line":8,"column":11}},"3":{"start":{"line":6,"column":24},"end":{"line":6,"column":42}},"4":{"start":{"line":7,"column":12},"end":{"line":7,"column":78}},"5":{"start":{"line":10,"column":4},"end":{"line":10,"column":16}}},"fnMap":{"0":{"name":"commonChars","decl":{"start":{"line":2,"column":9},"end":{"line":2,"column":20}},"loc":{"start":{"line":2,"column":28},"end":{"line":11,"column":1}},"line":2},"1":{"name":"(anonymous_1)","decl":{"start":{"line":4,"column":18},"end":{"line":4,"column":19}},"loc":{"start":{"line":4,"column":40},"end":{"line":9,"column":5}},"line":4},"2":{"name":"(anonymous_2)","decl":{"start":{"line":5,"column":27},"end":{"line":5,"column":28}},"loc":{"start":{"line":5,"column":37},"end":{"line":8,"column":9}},"line":5}},"branchMap":{"0":{"loc":{"start":{"line":7,"column":19},"end":{"line":7,"column":77}},"type":"cond-expr","locations":[{"start":{"line":7,"column":31},"end":{"line":7,"column":68}},{"start":{"line":7,"column":72},"end":{"line":7,"column":77}}],"line":7}},"s":{"0":1,"1":1,"2":3,"3":15,"4":15,"5":1},"f":{"0":1,"1":3,"2":15},"b":{"0":[13,2]},"_coverageSchema":"1a1c01bbd47fc00a2c39e90264f33305004495a9","hash":"95e2de1d2c7c7ef0b8b1f4065c9fdbbb54aa8951"}
,"D:\\Arup\\PlayGround\\Web\\coding-challanges\\dist\\countMatches.js": {"path":"D:\\Arup\\PlayGround\\Web\\coding-challanges\\dist\\countMatches.js","statementMap":{"0":{"start":{"line":3,"column":19},"end":{"line":15,"column":6}},"1":{"start":{"line":4,"column":20},"end":{"line":13,"column":9}},"2":{"start":{"line":5,"column":25},"end":{"line":5,"column":27}},"3":{"start":{"line":6,"column":12},"end":{"line":7,"column":27}},"4":{"start":{"line":7,"column":16},"end":{"line":7,"column":27}},"5":{"start":{"line":8,"column":12},"end":{"line":9,"column":27}},"6":{"start":{"line":9,"column":16},"end":{"line":9,"column":27}},"7":{"start":{"line":10,"column":12},"end":{"line":11,"column":27}},"8":{"start":{"line":11,"column":16},"end":{"line":11,"column":27}},"9":{"start":{"line":12,"column":12},"end":{"line":12,"column":26}},"10":{"start":{"line":14,"column":8},"end":{"line":14,"column":56}},"11":{"start":{"line":16,"column":4},"end":{"line":16,"column":25}}},"fnMap":{"0":{"name":"countMatches","decl":{"start":{"line":2,"column":9},"end":{"line":2,"column":21}},"loc":{"start":{"line":2,"column":49},"end":{"line":17,"column":1}},"line":2},"1":{"name":"(anonymous_1)","decl":{"start":{"line":3,"column":32},"end":{"line":3,"column":33}},"loc":{"start":{"line":3,"column":42},"end":{"line":15,"column":5}},"line":3},"2":{"name":"(anonymous_2)","decl":{"start":{"line":4,"column":20},"end":{"line":4,"column":21}},"loc":{"start":{"line":4,"column":26},"end":{"line":13,"column":9}},"line":4}},"branchMap":{"0":{"loc":{"start":{"line":6,"column":12},"end":{"line":7,"column":27}},"type":"if","locations":[{"start":{"line":6,"column":12},"end":{"line":7,"column":27}},{"start":{},"end":{}}],"line":6},"1":{"loc":{"start":{"line":8,"column":12},"end":{"line":9,"column":27}},"type":"if","locations":[{"start":{"line":8,"column":12},"end":{"line":9,"column":27}},{"start":{},"end":{}}],"line":8},"2":{"loc":{"start":{"line":10,"column":12},"end":{"line":11,"column":27}},"type":"if","locations":[{"start":{"line":10,"column":12},"end":{"line":11,"column":27}},{"start":{},"end":{}}],"line":10},"3":{"loc":{"start":{"line":14,"column":15},"end":{"line":14,"column":55}},"type":"cond-expr","locations":[{"start":{"line":14,"column":43},"end":{"line":14,"column":47}},{"start":{"line":14,"column":50},"end":{"line":14,"column":55}}],"line":14}},"s":{"0":2,"1":6,"2":6,"3":6,"4":3,"5":6,"6":3,"7":6,"8":0,"9":6,"10":6,"11":2},"f":{"0":2,"1":6,"2":6},"b":{"0":[3,3],"1":[3,3],"2":[0,6],"3":[3,3]},"_coverageSchema":"1a1c01bbd47fc00a2c39e90264f33305004495a9","hash":"6327bd834a4e7a3553b5f16ccf285b1693ef0986"}
,"D:\\Arup\\PlayGround\\Web\\coding-challanges\\dist\\defangIPaddr.js": {"path":"D:\\Arup\\PlayGround\\Web\\coding-challanges\\dist\\defangIPaddr.js","statementMap":{"0":{"start":{"line":2,"column":4},"end":{"line":2,"column":42}}},"fnMap":{"0":{"name":"defangIPaddr","decl":{"start":{"line":1,"column":9},"end":{"line":1,"column":21}},"loc":{"start":{"line":1,"column":31},"end":{"line":3,"column":1}},"line":1}},"branchMap":{},"s":{"0":2},"f":{"0":2},"b":{},"_coverageSchema":"1a1c01bbd47fc00a2c39e90264f33305004495a9","hash":"39e9f57e31b15f7a4eebeefb6b761cd94d658ac5"}
,"D:\\Arup\\PlayGround\\Web\\coding-challanges\\dist\\finalValueAfterOperations.js": {"path":"D:\\Arup\\PlayGround\\Web\\coding-challanges\\dist\\finalValueAfterOperations.js","statementMap":{"0":{"start":{"line":2,"column":16},"end":{"line":2,"column":17}},"1":{"start":{"line":3,"column":4},"end":{"line":16,"column":7}},"2":{"start":{"line":4,"column":8},"end":{"line":15,"column":9}},"3":{"start":{"line":5,"column":12},"end":{"line":5,"column":30}},"4":{"start":{"line":7,"column":13},"end":{"line":15,"column":9}},"5":{"start":{"line":8,"column":12},"end":{"line":8,"column":30}},"6":{"start":{"line":10,"column":13},"end":{"line":15,"column":9}},"7":{"start":{"line":11,"column":12},"end":{"line":11,"column":30}},"8":{"start":{"line":13,"column":13},"end":{"line":15,"column":9}},"9":{"start":{"line":14,"column":12},"end":{"line":14,"column":30}},"10":{"start":{"line":17,"column":4},"end":{"line":17,"column":17}}},"fnMap":{"0":{"name":"finalValueAfterOperations","decl":{"start":{"line":1,"column":9},"end":{"line":1,"column":34}},"loc":{"start":{"line":1,"column":47},"end":{"line":18,"column":1}},"line":1},"1":{"name":"(anonymous_1)","decl":{"start":{"line":3,"column":23},"end":{"line":3,"column":24}},"loc":{"start":{"line":3,"column":31},"end":{"line":16,"column":5}},"line":3}},"branchMap":{"0":{"loc":{"start":{"line":4,"column":8},"end":{"line":15,"column":9}},"type":"if","locations":[{"start":{"line":4,"column":8},"end":{"line":15,"column":9}},{"start":{"line":7,"column":13},"end":{"line":15,"column":9}}],"line":4},"1":{"loc":{"start":{"line":7,"column":13},"end":{"line":15,"column":9}},"type":"if","locations":[{"start":{"line":7,"column":13},"end":{"line":15,"column":9}},{"start":{"line":10,"column":13},"end":{"line":15,"column":9}}],"line":7},"2":{"loc":{"start":{"line":10,"column":13},"end":{"line":15,"column":9}},"type":"if","locations":[{"start":{"line":10,"column":13},"end":{"line":15,"column":9}},{"start":{"line":13,"column":13},"end":{"line":15,"column":9}}],"line":10},"3":{"loc":{"start":{"line":13,"column":13},"end":{"line":15,"column":9}},"type":"if","locations":[{"start":{"line":13,"column":13},"end":{"line":15,"column":9}},{"start":{},"end":{}}],"line":13}},"s":{"0":1,"1":1,"2":3,"3":1,"4":2,"5":0,"6":2,"7":0,"8":2,"9":2,"10":1},"f":{"0":1,"1":3},"b":{"0":[1,2],"1":[0,2],"2":[0,2],"3":[2,0]},"_coverageSchema":"1a1c01bbd47fc00a2c39e90264f33305004495a9","hash":"6380ef74dfecef88f8f748b2e1806bfdaca84cd7"}
,"D:\\Arup\\PlayGround\\Web\\coding-challanges\\dist\\findWordsContaining.js": {"path":"D:\\Arup\\PlayGround\\Web\\coding-challanges\\dist\\findWordsContaining.js","statementMap":{"0":{"start":{"line":3,"column":19},"end":{"line":3,"column":21}},"1":{"start":{"line":4,"column":4},"end":{"line":8,"column":7}},"2":{"start":{"line":5,"column":8},"end":{"line":7,"column":9}},"3":{"start":{"line":6,"column":12},"end":{"line":6,"column":29}},"4":{"start":{"line":9,"column":4},"end":{"line":9,"column":18}}},"fnMap":{"0":{"name":"findWordsContaining","decl":{"start":{"line":2,"column":9},"end":{"line":2,"column":28}},"loc":{"start":{"line":2,"column":39},"end":{"line":10,"column":1}},"line":2},"1":{"name":"(anonymous_1)","decl":{"start":{"line":4,"column":18},"end":{"line":4,"column":19}},"loc":{"start":{"line":4,"column":33},"end":{"line":8,"column":5}},"line":4}},"branchMap":{"0":{"loc":{"start":{"line":5,"column":8},"end":{"line":7,"column":9}},"type":"if","locations":[{"start":{"line":5,"column":8},"end":{"line":7,"column":9}},{"start":{},"end":{}}],"line":5}},"s":{"0":3,"1":3,"2":10,"3":4,"4":3},"f":{"0":3,"1":10},"b":{"0":[4,6]},"_coverageSchema":"1a1c01bbd47fc00a2c39e90264f33305004495a9","hash":"4146e922e472060f4577ec03efcca3baf6ead3c1"}
,"D:\\Arup\\PlayGround\\Web\\coding-challanges\\dist\\interpret.js": {"path":"D:\\Arup\\PlayGround\\Web\\coding-challanges\\dist\\interpret.js","statementMap":{"0":{"start":{"line":2,"column":4},"end":{"line":8,"column":20}}},"fnMap":{"0":{"name":"interpret","decl":{"start":{"line":1,"column":9},"end":{"line":1,"column":18}},"loc":{"start":{"line":1,"column":28},"end":{"line":9,"column":1}},"line":1}},"branchMap":{},"s":{"0":1},"f":{"0":1},"b":{},"_coverageSchema":"1a1c01bbd47fc00a2c39e90264f33305004495a9","hash":"ef20418c9edd549930abb28aefe84d36aecaeab1"}
,"D:\\Arup\\PlayGround\\Web\\coding-challanges\\dist\\maxWidthOfVerticalArea.js": {"path":"D:\\Arup\\PlayGround\\Web\\coding-challanges\\dist\\maxWidthOfVerticalArea.js","statementMap":{"0":{"start":{"line":2,"column":14},"end":{"line":2,"column":15}},"1":{"start":{"line":3,"column":26},"end":{"line":3,"column":77}},"2":{"start":{"line":3,"column":46},"end":{"line":3,"column":54}},"3":{"start":{"line":3,"column":71},"end":{"line":3,"column":76}},"4":{"start":{"line":4,"column":4},"end":{"line":6,"column":5}},"5":{"start":{"line":4,"column":19},"end":{"line":4,"column":20}},"6":{"start":{"line":5,"column":8},"end":{"line":5,"column":73}},"7":{"start":{"line":7,"column":4},"end":{"line":7,"column":15}}},"fnMap":{"0":{"name":"maxWidthOfVerticalArea","decl":{"start":{"line":1,"column":9},"end":{"line":1,"column":31}},"loc":{"start":{"line":1,"column":40},"end":{"line":8,"column":1}},"line":1},"1":{"name":"(anonymous_1)","decl":{"start":{"line":3,"column":37},"end":{"line":3,"column":38}},"loc":{"start":{"line":3,"column":46},"end":{"line":3,"column":54}},"line":3},"2":{"name":"(anonymous_2)","decl":{"start":{"line":3,"column":61},"end":{"line":3,"column":62}},"loc":{"start":{"line":3,"column":71},"end":{"line":3,"column":76}},"line":3}},"branchMap":{},"s":{"0":2,"1":2,"2":10,"3":17,"4":2,"5":2,"6":8,"7":2},"f":{"0":2,"1":10,"2":17},"b":{},"_coverageSchema":"1a1c01bbd47fc00a2c39e90264f33305004495a9","hash":"522d8b132832b36f1bf11198bea83870599b7e89"}
,"D:\\Arup\\PlayGround\\Web\\coding-challanges\\dist\\removeDuplicates.js": {"path":"D:\\Arup\\PlayGround\\Web\\coding-challanges\\dist\\removeDuplicates.js","statementMap":{"0":{"start":{"line":2,"column":25},"end":{"line":15,"column":1}},"1":{"start":{"line":3,"column":17},"end":{"line":3,"column":28}},"2":{"start":{"line":4,"column":4},"end":{"line":13,"column":5}},"3":{"start":{"line":5,"column":26},"end":{"line":5,"column":27}},"4":{"start":{"line":6,"column":8},"end":{"line":11,"column":9}},"5":{"start":{"line":6,"column":23},"end":{"line":6,"column":38}},"6":{"start":{"line":7,"column":12},"end":{"line":10,"column":13}},"7":{"start":{"line":8,"column":16},"end":{"line":8,"column":30}},"8":{"start":{"line":9,"column":16},"end":{"line":9,"column":46}},"9":{"start":{"line":12,"column":8},"end":{"line":12,"column":33}},"10":{"start":{"line":14,"column":4},"end":{"line":14,"column":18}}},"fnMap":{"0":{"name":"(anonymous_0)","decl":{"start":{"line":2,"column":25},"end":{"line":2,"column":26}},"loc":{"start":{"line":2,"column":35},"end":{"line":15,"column":1}},"line":2}},"branchMap":{"0":{"loc":{"start":{"line":4,"column":4},"end":{"line":13,"column":5}},"type":"if","locations":[{"start":{"line":4,"column":4},"end":{"line":13,"column":5}},{"start":{},"end":{}}],"line":4},"1":{"loc":{"start":{"line":7,"column":12},"end":{"line":10,"column":13}},"type":"if","locations":[{"start":{"line":7,"column":12},"end":{"line":10,"column":13}},{"start":{},"end":{}}],"line":7}},"s":{"0":1,"1":1,"2":1,"3":1,"4":1,"5":1,"6":2,"7":1,"8":1,"9":1,"10":1},"f":{"0":1},"b":{"0":[1,0],"1":[1,1]},"_coverageSchema":"1a1c01bbd47fc00a2c39e90264f33305004495a9","hash":"1a62fa4e80fb5c2d0af6ef52cc2afe5cf657114b"}
,"D:\\Arup\\PlayGround\\Web\\coding-challanges\\dist\\removeElement.js": {"path":"D:\\Arup\\PlayGround\\Web\\coding-challanges\\dist\\removeElement.js","statementMap":{"0":{"start":{"line":3,"column":4},"end":{"line":3,"column":38}},"1":{"start":{"line":3,"column":31},"end":{"line":3,"column":36}},"2":{"start":{"line":4,"column":16},"end":{"line":4,"column":18}},"3":{"start":{"line":5,"column":4},"end":{"line":9,"column":27}},"4":{"start":{"line":6,"column":8},"end":{"line":6,"column":34}},"5":{"start":{"line":7,"column":8},"end":{"line":8,"column":34}},"6":{"start":{"line":8,"column":12},"end":{"line":8,"column":34}},"7":{"start":{"line":10,"column":4},"end":{"line":10,"column":23}}},"fnMap":{"0":{"name":"removeElement","decl":{"start":{"line":2,"column":9},"end":{"line":2,"column":22}},"loc":{"start":{"line":2,"column":34},"end":{"line":11,"column":1}},"line":2},"1":{"name":"(anonymous_1)","decl":{"start":{"line":3,"column":21},"end":{"line":3,"column":22}},"loc":{"start":{"line":3,"column":31},"end":{"line":3,"column":36}},"line":3}},"branchMap":{"0":{"loc":{"start":{"line":7,"column":8},"end":{"line":8,"column":34}},"type":"if","locations":[{"start":{"line":7,"column":8},"end":{"line":8,"column":34}},{"start":{},"end":{}}],"line":7}},"s":{"0":1,"1":6,"2":1,"3":1,"4":3,"5":3,"6":2,"7":1},"f":{"0":1,"1":6},"b":{"0":[2,1]},"_coverageSchema":"1a1c01bbd47fc00a2c39e90264f33305004495a9","hash":"8a882b0f2f21a5084005c017671204c50bdb4df5"}
,"D:\\Arup\\PlayGround\\Web\\coding-challanges\\dist\\removeOuterParentheses.js": {"path":"D:\\Arup\\PlayGround\\Web\\coding-challanges\\dist\\removeOuterParentheses.js","statementMap":{"0":{"start":{"line":3,"column":21},"end":{"line":3,"column":23}},"1":{"start":{"line":4,"column":17},"end":{"line":4,"column":19}},"2":{"start":{"line":5,"column":4},"end":{"line":18,"column":5}},"3":{"start":{"line":5,"column":17},"end":{"line":5,"column":18}},"4":{"start":{"line":5,"column":28},"end":{"line":5,"column":29}},"5":{"start":{"line":5,"column":37},"end":{"line":5,"column":38}},"6":{"start":{"line":6,"column":8},"end":{"line":11,"column":9}},"7":{"start":{"line":7,"column":12},"end":{"line":7,"column":32}},"8":{"start":{"line":9,"column":13},"end":{"line":11,"column":9}},"9":{"start":{"line":10,"column":12},"end":{"line":10,"column":27}},"10":{"start":{"line":12,"column":8},"end":{"line":17,"column":9}},"11":{"start":{"line":13,"column":12},"end":{"line":13,"column":20}},"12":{"start":{"line":14,"column":22},"end":{"line":14,"column":49}},"13":{"start":{"line":15,"column":12},"end":{"line":15,"column":34}},"14":{"start":{"line":16,"column":12},"end":{"line":16,"column":28}},"15":{"start":{"line":19,"column":4},"end":{"line":19,"column":18}}},"fnMap":{"0":{"name":"removeOuterParentheses","decl":{"start":{"line":2,"column":9},"end":{"line":2,"column":31}},"loc":{"start":{"line":2,"column":35},"end":{"line":20,"column":1}},"line":2}},"branchMap":{"0":{"loc":{"start":{"line":6,"column":8},"end":{"line":11,"column":9}},"type":"if","locations":[{"start":{"line":6,"column":8},"end":{"line":11,"column":9}},{"start":{"line":9,"column":13},"end":{"line":11,"column":9}}],"line":6},"1":{"loc":{"start":{"line":9,"column":13},"end":{"line":11,"column":9}},"type":"if","locations":[{"start":{"line":9,"column":13},"end":{"line":11,"column":9}},{"start":{},"end":{}}],"line":9},"2":{"loc":{"start":{"line":12,"column":8},"end":{"line":17,"column":9}},"type":"if","locations":[{"start":{"line":12,"column":8},"end":{"line":17,"column":9}},{"start":{},"end":{}}],"line":12},"3":{"loc":{"start":{"line":12,"column":12},"end":{"line":12,"column":54}},"type":"binary-expr","locations":[{"start":{"line":12,"column":12},"end":{"line":12,"column":33}},{"start":{"line":12,"column":37},"end":{"line":12,"column":54}}],"line":12}},"s":{"0":3,"1":3,"2":3,"3":3,"4":3,"5":3,"6":32,"7":16,"8":16,"9":16,"10":32,"11":7,"12":7,"13":7,"14":7,"15":3},"f":{"0":3},"b":{"0":[16,16],"1":[16,0],"2":[7,25],"3":[32,7]},"_coverageSchema":"1a1c01bbd47fc00a2c39e90264f33305004495a9","hash":"4a971a65f936641ebc5a6667a1579ae0dac6ee8e"}
,"D:\\Arup\\PlayGround\\Web\\coding-challanges\\dist\\shuffle.js": {"path":"D:\\Arup\\PlayGround\\Web\\coding-challanges\\dist\\shuffle.js","statementMap":{"0":{"start":{"line":2,"column":17},"end":{"line":2,"column":19}},"1":{"start":{"line":3,"column":4},"end":{"line":6,"column":5}},"2":{"start":{"line":3,"column":24},"end":{"line":3,"column":25}},"3":{"start":{"line":3,"column":39},"end":{"line":3,"column":40}},"4":{"start":{"line":4,"column":8},"end":{"line":4,"column":36}},"5":{"start":{"line":5,"column":8},"end":{"line":5,"column":37}},"6":{"start":{"line":7,"column":4},"end":{"line":7,"column":18}}},"fnMap":{"0":{"name":"shuffle","decl":{"start":{"line":1,"column":9},"end":{"line":1,"column":16}},"loc":{"start":{"line":1,"column":26},"end":{"line":8,"column":1}},"line":1}},"branchMap":{},"s":{"0":3,"1":3,"2":3,"3":3,"4":9,"5":9,"6":3},"f":{"0":3},"b":{},"_coverageSchema":"1a1c01bbd47fc00a2c39e90264f33305004495a9","hash":"ca8adc4e9ad58fd444715a8342995678c4d8dd4c"}
,"D:\\Arup\\PlayGround\\Web\\coding-challanges\\dist\\threeSum.js": {"path":"D:\\Arup\\PlayGround\\Web\\coding-challanges\\dist\\threeSum.js","statementMap":{"0":{"start":{"line":3,"column":16},"end":{"line":3,"column":27}},"1":{"start":{"line":4,"column":17},"end":{"line":4,"column":19}},"2":{"start":{"line":5,"column":15},"end":{"line":5,"column":16}},"3":{"start":{"line":6,"column":16},"end":{"line":6,"column":17}},"4":{"start":{"line":7,"column":4},"end":{"line":7,"column":31}},"5":{"start":{"line":7,"column":24},"end":{"line":7,"column":29}},"6":{"start":{"line":8,"column":4},"end":{"line":31,"column":5}},"7":{"start":{"line":8,"column":17},"end":{"line":8,"column":18}},"8":{"start":{"line":9,"column":8},"end":{"line":10,"column":21}},"9":{"start":{"line":10,"column":12},"end":{"line":10,"column":21}},"10":{"start":{"line":11,"column":8},"end":{"line":11,"column":21}},"11":{"start":{"line":12,"column":8},"end":{"line":12,"column":24}},"12":{"start":{"line":13,"column":8},"end":{"line":30,"column":9}},"13":{"start":{"line":14,"column":24},"end":{"line":14,"column":58}},"14":{"start":{"line":15,"column":12},"end":{"line":29,"column":13}},"15":{"start":{"line":16,"column":16},"end":{"line":16,"column":23}},"16":{"start":{"line":18,"column":17},"end":{"line":29,"column":13}},"17":{"start":{"line":19,"column":16},"end":{"line":19,"column":24}},"18":{"start":{"line":22,"column":16},"end":{"line":22,"column":64}},"19":{"start":{"line":23,"column":16},"end":{"line":24,"column":27}},"20":{"start":{"line":24,"column":20},"end":{"line":24,"column":27}},"21":{"start":{"line":25,"column":16},"end":{"line":26,"column":28}},"22":{"start":{"line":26,"column":20},"end":{"line":26,"column":28}},"23":{"start":{"line":27,"column":16},"end":{"line":27,"column":23}},"24":{"start":{"line":28,"column":16},"end":{"line":28,"column":24}},"25":{"start":{"line":32,"column":4},"end":{"line":32,"column":18}}},"fnMap":{"0":{"name":"threeSum","decl":{"start":{"line":2,"column":9},"end":{"line":2,"column":17}},"loc":{"start":{"line":2,"column":24},"end":{"line":33,"column":1}},"line":2},"1":{"name":"(anonymous_1)","decl":{"start":{"line":7,"column":14},"end":{"line":7,"column":15}},"loc":{"start":{"line":7,"column":24},"end":{"line":7,"column":29}},"line":7}},"branchMap":{"0":{"loc":{"start":{"line":9,"column":8},"end":{"line":10,"column":21}},"type":"if","locations":[{"start":{"line":9,"column":8},"end":{"line":10,"column":21}},{"start":{},"end":{}}],"line":9},"1":{"loc":{"start":{"line":9,"column":12},"end":{"line":9,"column":44}},"type":"binary-expr","locations":[{"start":{"line":9,"column":12},"end":{"line":9,"column":17}},{"start":{"line":9,"column":21},"end":{"line":9,"column":44}}],"line":9},"2":{"loc":{"start":{"line":15,"column":12},"end":{"line":29,"column":13}},"type":"if","locations":[{"start":{"line":15,"column":12},"end":{"line":29,"column":13}},{"start":{"line":18,"column":17},"end":{"line":29,"column":13}}],"line":15},"3":{"loc":{"start":{"line":18,"column":17},"end":{"line":29,"column":13}},"type":"if","locations":[{"start":{"line":18,"column":17},"end":{"line":29,"column":13}},{"start":{"line":21,"column":17},"end":{"line":29,"column":13}}],"line":18},"4":{"loc":{"start":{"line":23,"column":23},"end":{"line":23,"column":68}},"type":"binary-expr","locations":[{"start":{"line":23,"column":23},"end":{"line":23,"column":35}},{"start":{"line":23,"column":39},"end":{"line":23,"column":68}}],"line":23},"5":{"loc":{"start":{"line":25,"column":23},"end":{"line":25,"column":70}},"type":"binary-expr","locations":[{"start":{"line":25,"column":23},"end":{"line":25,"column":35}},{"start":{"line":25,"column":39},"end":{"line":25,"column":70}}],"line":25}},"s":{"0":3,"1":3,"2":3,"3":3,"4":3,"5":14,"6":3,"7":3,"8":12,"9":4,"10":8,"11":8,"12":8,"13":9,"14":9,"15":4,"16":5,"17":2,"18":3,"19":3,"20":1,"21":3,"22":0,"23":3,"24":3,"25":3},"f":{"0":3,"1":14},"b":{"0":[4,8],"1":[12,9],"2":[4,5],"3":[2,3],"4":[4,3],"5":[3,2]},"_coverageSchema":"1a1c01bbd47fc00a2c39e90264f33305004495a9","hash":"e56c82e9bbb10f7e5c43a07d187326f066ff14ae"}
,"D:\\Arup\\PlayGround\\Web\\coding-challanges\\dist\\twoSum.js": {"path":"D:\\Arup\\PlayGround\\Web\\coding-challanges\\dist\\twoSum.js","statementMap":{"0":{"start":{"line":1,"column":15},"end":{"line":11,"column":1}},"1":{"start":{"line":2,"column":20},"end":{"line":2,"column":29}},"2":{"start":{"line":3,"column":4},"end":{"line":9,"column":5}},"3":{"start":{"line":3,"column":19},"end":{"line":3,"column":20}},"4":{"start":{"line":4,"column":27},"end":{"line":4,"column":45}},"5":{"start":{"line":5,"column":8},"end":{"line":7,"column":9}},"6":{"start":{"line":6,"column":12},"end":{"line":6,"column":58}},"7":{"start":{"line":8,"column":8},"end":{"line":8,"column":36}},"8":{"start":{"line":10,"column":4},"end":{"line":10,"column":20}}},"fnMap":{"0":{"name":"(anonymous_0)","decl":{"start":{"line":1,"column":15},"end":{"line":1,"column":16}},"loc":{"start":{"line":1,"column":39},"end":{"line":11,"column":1}},"line":1}},"branchMap":{"0":{"loc":{"start":{"line":5,"column":8},"end":{"line":7,"column":9}},"type":"if","locations":[{"start":{"line":5,"column":8},"end":{"line":7,"column":9}},{"start":{},"end":{}}],"line":5}},"s":{"0":1,"1":1,"2":1,"3":1,"4":2,"5":2,"6":1,"7":1,"8":0},"f":{"0":1},"b":{"0":[1,1]},"_coverageSchema":"1a1c01bbd47fc00a2c39e90264f33305004495a9","hash":"0d3758cf2bea2760c04e17dc611b428a323b142c"}
}
