TN:
SF:dist/JewelsInStones.js
FN:2,numJewelsInStones
FN:3,(anonymous_1)
FNF:2
FNH:2
FNDA:2,numJewelsInStones
FNDA:9,(anonymous_1)
DA:3,2
DA:4,9
LF:2
LH:2
BRDA:4,0,0,3
BRDA:4,0,1,6
BRF:2
BRH:2
end_of_record
TN:
SF:dist/arrayStringsAreEqual.js
FN:1,arrayStringsAreEqual
FNF:1
FNH:1
FNDA:2,arrayStringsAreEqual
DA:2,2
LF:1
LH:1
BRF:0
BRH:0
end_of_record
TN:
SF:dist/commonChars.js
FN:2,commonChars
FN:4,(anonymous_1)
FN:5,(anonymous_2)
FNF:3
FNH:3
FNDA:1,commonChars
FNDA:3,(anonymous_1)
FNDA:15,(anonymous_2)
DA:3,1
DA:4,1
DA:5,3
DA:6,15
DA:7,15
DA:10,1
LF:6
LH:6
BRDA:7,0,0,13
BRDA:7,0,1,2
BRF:2
BRH:2
end_of_record
TN:
SF:dist/countMatches.js
FN:2,countMatches
FN:3,(anonymous_1)
FN:4,(anonymous_2)
FNF:3
FNH:3
FNDA:2,countMatches
FNDA:6,(anonymous_1)
FNDA:6,(anonymous_2)
DA:3,2
DA:4,6
DA:5,6
DA:6,6
DA:7,3
DA:8,6
DA:9,3
DA:10,6
DA:11,0
DA:12,6
DA:14,6
DA:16,2
LF:12
LH:11
BRDA:6,0,0,3
BRDA:6,0,1,3
BRDA:8,1,0,3
BRDA:8,1,1,3
BRDA:10,2,0,0
BRDA:10,2,1,6
BRDA:14,3,0,3
BRDA:14,3,1,3
BRF:8
BRH:7
end_of_record
TN:
SF:dist/defangIPaddr.js
FN:1,defangIPaddr
FNF:1
FNH:1
FNDA:2,defangIPaddr
DA:2,2
LF:1
LH:1
BRF:0
BRH:0
end_of_record
TN:
SF:dist/finalValueAfterOperations.js
FN:1,finalValueAfterOperations
FN:3,(anonymous_1)
FNF:2
FNH:2
FNDA:1,finalValueAfterOperations
FNDA:3,(anonymous_1)
DA:2,1
DA:3,1
DA:4,3
DA:5,1
DA:7,2
DA:8,0
DA:10,2
DA:11,0
DA:13,2
DA:14,2
DA:17,1
LF:11
LH:9
BRDA:4,0,0,1
BRDA:4,0,1,2
BRDA:7,1,0,0
BRDA:7,1,1,2
BRDA:10,2,0,0
BRDA:10,2,1,2
BRDA:13,3,0,2
BRDA:13,3,1,0
BRF:8
BRH:5
end_of_record
TN:
SF:dist/findWordsContaining.js
FN:2,findWordsContaining
FN:4,(anonymous_1)
FNF:2
FNH:2
FNDA:3,findWordsContaining
FNDA:10,(anonymous_1)
DA:3,3
DA:4,3
DA:5,10
DA:6,4
DA:9,3
LF:5
LH:5
BRDA:5,0,0,4
BRDA:5,0,1,6
BRF:2
BRH:2
end_of_record
TN:
SF:dist/interpret.js
FN:1,interpret
FNF:1
FNH:1
FNDA:1,interpret
DA:2,1
LF:1
LH:1
BRF:0
BRH:0
end_of_record
TN:
SF:dist/maxWidthOfVerticalArea.js
FN:1,maxWidthOfVerticalArea
FN:3,(anonymous_1)
FN:3,(anonymous_2)
FNF:3
FNH:3
FNDA:2,maxWidthOfVerticalArea
FNDA:10,(anonymous_1)
FNDA:17,(anonymous_2)
DA:2,2
DA:3,17
DA:4,2
DA:5,8
DA:7,2
LF:5
LH:5
BRF:0
BRH:0
end_of_record
TN:
SF:dist/removeElement.js
FN:2,removeElement
FN:3,(anonymous_1)
FNF:2
FNH:2
FNDA:1,removeElement
FNDA:6,(anonymous_1)
DA:3,6
DA:4,1
DA:5,1
DA:6,3
DA:7,3
DA:8,2
DA:10,1
LF:7
LH:7
BRDA:7,0,0,2
BRDA:7,0,1,1
BRF:2
BRH:2
end_of_record
TN:
SF:dist/removeOuterParentheses.js
FN:2,removeOuterParentheses
FNF:1
FNH:1
FNDA:3,removeOuterParentheses
DA:3,3
DA:4,3
DA:5,3
DA:6,32
DA:7,16
DA:9,16
DA:10,16
DA:12,32
DA:13,7
DA:14,7
DA:15,7
DA:16,7
DA:19,3
LF:13
LH:13
BRDA:6,0,0,16
BRDA:6,0,1,16
BRDA:9,1,0,16
BRDA:9,1,1,0
BRDA:12,2,0,7
BRDA:12,2,1,25
BRDA:12,3,0,32
BRDA:12,3,1,7
BRF:8
BRH:7
end_of_record
TN:
SF:dist/shuffle.js
FN:1,shuffle
FNF:1
FNH:1
FNDA:3,shuffle
DA:2,3
DA:3,3
DA:4,9
DA:5,9
DA:7,3
LF:5
LH:5
BRF:0
BRH:0
end_of_record
TN:
SF:dist/threeSum.js
FN:1,threeSum
FN:6,(anonymous_1)
FNF:2
FNH:2
FNDA:3,threeSum
FNDA:14,(anonymous_1)
DA:2,3
DA:3,3
DA:4,3
DA:5,3
DA:6,14
DA:7,3
DA:8,12
DA:9,4
DA:10,8
DA:11,8
DA:12,8
DA:13,9
DA:14,9
DA:15,4
DA:17,5
DA:18,2
DA:21,3
DA:22,3
DA:23,1
DA:24,3
DA:25,0
DA:26,3
DA:27,3
DA:31,3
LF:24
LH:23
BRDA:8,0,0,4
BRDA:8,0,1,8
BRDA:8,1,0,12
BRDA:8,1,1,9
BRDA:14,2,0,4
BRDA:14,2,1,5
BRDA:17,3,0,2
BRDA:17,3,1,3
BRDA:22,4,0,4
BRDA:22,4,1,3
BRDA:24,5,0,3
BRDA:24,5,1,2
BRF:12
BRH:12
end_of_record
TN:
SF:dist/twoSum.js
FN:1,(anonymous_0)
FNF:1
FNH:1
FNDA:1,(anonymous_0)
DA:1,1
DA:2,1
DA:3,1
DA:4,2
DA:5,2
DA:6,1
DA:8,1
DA:10,0
LF:8
LH:7
BRDA:5,0,0,1
BRDA:5,0,1,1
BRF:2
BRH:2
end_of_record
